[0.165s] DEBUG:colcon:Command line arguments: ['/home/gumball/.local/bin/colcon', 'list', '-p', '--base-paths', '/home/gumball/Darwin_WS/src/ROV_see']
[0.165s] DEBUG:colcon:Parsed command line arguments: Namespace(allow_overriding=[], base_paths=['/home/gumball/Darwin_WS/src/ROV_see'], build_base='build', ignore_user_meta=False, log_base=None, log_level=None, main=<bound method ListVerb.main of <colcon_package_information.verb.list.ListVerb object at 0x7f00797d81f0>>, metas=['./colcon.meta'], mixin=None, mixin_files=None, mixin_verb=('list',), names_only=False, packages_above=None, packages_above_and_dependencies=None, packages_above_depth=None, packages_end=None, packages_ignore=None, packages_ignore_regex=None, packages_select=None, packages_select_build_failed=False, packages_select_by_dep=None, packages_select_regex=None, packages_select_test_failures=False, packages_skip=None, packages_skip_build_finished=False, packages_skip_by_dep=None, packages_skip_regex=None, packages_skip_test_passed=False, packages_skip_up_to=None, packages_start=None, packages_up_to=None, packages_up_to_regex=None, paths=None, paths_only=True, topological_graph=False, topological_graph_density=False, topological_graph_dot=False, topological_graph_dot_cluster=False, topological_graph_dot_include_skipped=False, topological_graph_legend=False, topological_order=False, verb_extension=<colcon_package_information.verb.list.ListVerb object at 0x7f00797d81f0>, verb_name='list', verb_parser=<colcon_mixin.mixin.mixin_argument.MixinArgumentDecorator object at 0x7f00797ec4f0>)
[0.320s] Level 1:colcon.colcon_core.package_discovery:discover_packages(colcon_meta) check parameters
[0.321s] Level 1:colcon.colcon_core.package_discovery:discover_packages(recursive) check parameters
[0.321s] Level 1:colcon.colcon_core.package_discovery:discover_packages(ignore) check parameters
[0.321s] Level 1:colcon.colcon_core.package_discovery:discover_packages(path) check parameters
[0.321s] Level 1:colcon.colcon_core.package_discovery:discover_packages(recursive) discover
[0.321s] INFO:colcon.colcon_core.package_discovery:Crawling recursively for packages in '/home/gumball/Darwin_WS/src/ROV_see'
[0.321s] Level 1:colcon.colcon_core.package_identification:_identify(/home/gumball/Darwin_WS/src/ROV_see) by extensions ['ignore', 'ignore_ament_install']
[0.321s] Level 1:colcon.colcon_core.package_identification:_identify(/home/gumball/Darwin_WS/src/ROV_see) by extension 'ignore'
[0.321s] Level 1:colcon.colcon_core.package_identification:_identify(/home/gumball/Darwin_WS/src/ROV_see) by extension 'ignore_ament_install'
[0.321s] Level 1:colcon.colcon_core.package_identification:_identify(/home/gumball/Darwin_WS/src/ROV_see) by extensions ['colcon_pkg']
[0.321s] Level 1:colcon.colcon_core.package_identification:_identify(/home/gumball/Darwin_WS/src/ROV_see) by extension 'colcon_pkg'
[0.321s] Level 1:colcon.colcon_core.package_identification:_identify(/home/gumball/Darwin_WS/src/ROV_see) by extensions ['colcon_meta']
[0.321s] Level 1:colcon.colcon_core.package_identification:_identify(/home/gumball/Darwin_WS/src/ROV_see) by extension 'colcon_meta'
[0.321s] Level 1:colcon.colcon_core.package_identification:_identify(/home/gumball/Darwin_WS/src/ROV_see) by extensions ['ros']
[0.321s] Level 1:colcon.colcon_core.package_identification:_identify(/home/gumball/Darwin_WS/src/ROV_see) by extension 'ros'
[0.347s] Level 1:colcon.colcon_core.package_identification:_identify(/home/gumball/Darwin_WS/src/ROV_see) by extensions ['cmake', 'python']
[0.347s] Level 1:colcon.colcon_core.package_identification:_identify(/home/gumball/Darwin_WS/src/ROV_see) by extension 'cmake'
[0.347s] Level 1:colcon.colcon_core.package_identification:_identify(/home/gumball/Darwin_WS/src/ROV_see) by extension 'python'
[0.347s] Level 1:colcon.colcon_core.package_identification:_identify(/home/gumball/Darwin_WS/src/ROV_see) by extensions ['python_setup_py']
[0.347s] Level 1:colcon.colcon_core.package_identification:_identify(/home/gumball/Darwin_WS/src/ROV_see) by extension 'python_setup_py'
[0.347s] Level 1:colcon.colcon_core.package_identification:_identify(/home/gumball/Darwin_WS/src/ROV_see/ROSArduinoBridge) by extensions ['ignore', 'ignore_ament_install']
[0.347s] Level 1:colcon.colcon_core.package_identification:_identify(/home/gumball/Darwin_WS/src/ROV_see/ROSArduinoBridge) by extension 'ignore'
[0.347s] Level 1:colcon.colcon_core.package_identification:_identify(/home/gumball/Darwin_WS/src/ROV_see/ROSArduinoBridge) by extension 'ignore_ament_install'
[0.347s] Level 1:colcon.colcon_core.package_identification:_identify(/home/gumball/Darwin_WS/src/ROV_see/ROSArduinoBridge) by extensions ['colcon_pkg']
[0.347s] Level 1:colcon.colcon_core.package_identification:_identify(/home/gumball/Darwin_WS/src/ROV_see/ROSArduinoBridge) by extension 'colcon_pkg'
[0.348s] Level 1:colcon.colcon_core.package_identification:_identify(/home/gumball/Darwin_WS/src/ROV_see/ROSArduinoBridge) by extensions ['colcon_meta']
[0.348s] Level 1:colcon.colcon_core.package_identification:_identify(/home/gumball/Darwin_WS/src/ROV_see/ROSArduinoBridge) by extension 'colcon_meta'
[0.348s] Level 1:colcon.colcon_core.package_identification:_identify(/home/gumball/Darwin_WS/src/ROV_see/ROSArduinoBridge) by extensions ['ros']
[0.348s] Level 1:colcon.colcon_core.package_identification:_identify(/home/gumball/Darwin_WS/src/ROV_see/ROSArduinoBridge) by extension 'ros'
[0.348s] Level 1:colcon.colcon_core.package_identification:_identify(/home/gumball/Darwin_WS/src/ROV_see/ROSArduinoBridge) by extensions ['cmake', 'python']
[0.348s] Level 1:colcon.colcon_core.package_identification:_identify(/home/gumball/Darwin_WS/src/ROV_see/ROSArduinoBridge) by extension 'cmake'
[0.348s] Level 1:colcon.colcon_core.package_identification:_identify(/home/gumball/Darwin_WS/src/ROV_see/ROSArduinoBridge) by extension 'python'
[0.348s] Level 1:colcon.colcon_core.package_identification:_identify(/home/gumball/Darwin_WS/src/ROV_see/ROSArduinoBridge) by extensions ['python_setup_py']
[0.348s] Level 1:colcon.colcon_core.package_identification:_identify(/home/gumball/Darwin_WS/src/ROV_see/ROSArduinoBridge) by extension 'python_setup_py'
[0.348s] Level 1:colcon.colcon_core.package_identification:_identify(/home/gumball/Darwin_WS/src/ROV_see/log) by extensions ['ignore', 'ignore_ament_install']
[0.348s] Level 1:colcon.colcon_core.package_identification:_identify(/home/gumball/Darwin_WS/src/ROV_see/log) by extension 'ignore'
[0.348s] Level 1:colcon.colcon_core.package_identification:_identify(/home/gumball/Darwin_WS/src/ROV_see/log) ignored
[0.348s] Level 1:colcon.colcon_core.package_identification:_identify(/home/gumball/Darwin_WS/src/ROV_see/serial_motor_rov) by extensions ['ignore', 'ignore_ament_install']
[0.348s] Level 1:colcon.colcon_core.package_identification:_identify(/home/gumball/Darwin_WS/src/ROV_see/serial_motor_rov) by extension 'ignore'
[0.348s] Level 1:colcon.colcon_core.package_identification:_identify(/home/gumball/Darwin_WS/src/ROV_see/serial_motor_rov) by extension 'ignore_ament_install'
[0.349s] Level 1:colcon.colcon_core.package_identification:_identify(/home/gumball/Darwin_WS/src/ROV_see/serial_motor_rov) by extensions ['colcon_pkg']
[0.349s] Level 1:colcon.colcon_core.package_identification:_identify(/home/gumball/Darwin_WS/src/ROV_see/serial_motor_rov) by extension 'colcon_pkg'
[0.349s] Level 1:colcon.colcon_core.package_identification:_identify(/home/gumball/Darwin_WS/src/ROV_see/serial_motor_rov) by extensions ['colcon_meta']
[0.349s] Level 1:colcon.colcon_core.package_identification:_identify(/home/gumball/Darwin_WS/src/ROV_see/serial_motor_rov) by extension 'colcon_meta'
[0.349s] Level 1:colcon.colcon_core.package_identification:_identify(/home/gumball/Darwin_WS/src/ROV_see/serial_motor_rov) by extensions ['ros']
[0.349s] Level 1:colcon.colcon_core.package_identification:_identify(/home/gumball/Darwin_WS/src/ROV_see/serial_motor_rov) by extension 'ros'
[0.349s] Level 1:colcon.colcon_core.package_identification:_identify(/home/gumball/Darwin_WS/src/ROV_see/serial_motor_rov) by extensions ['cmake', 'python']
[0.349s] Level 1:colcon.colcon_core.package_identification:_identify(/home/gumball/Darwin_WS/src/ROV_see/serial_motor_rov) by extension 'cmake'
[0.349s] Level 1:colcon.colcon_core.package_identification:_identify(/home/gumball/Darwin_WS/src/ROV_see/serial_motor_rov) by extension 'python'
[0.349s] Level 1:colcon.colcon_core.package_identification:_identify(/home/gumball/Darwin_WS/src/ROV_see/serial_motor_rov) by extensions ['python_setup_py']
[0.349s] Level 1:colcon.colcon_core.package_identification:_identify(/home/gumball/Darwin_WS/src/ROV_see/serial_motor_rov) by extension 'python_setup_py'
[0.349s] Level 1:colcon.colcon_core.package_identification:_identify(/home/gumball/Darwin_WS/src/ROV_see/serial_motor_rov/serial_motor_rov) by extensions ['ignore', 'ignore_ament_install']
[0.349s] Level 1:colcon.colcon_core.package_identification:_identify(/home/gumball/Darwin_WS/src/ROV_see/serial_motor_rov/serial_motor_rov) by extension 'ignore'
[0.349s] Level 1:colcon.colcon_core.package_identification:_identify(/home/gumball/Darwin_WS/src/ROV_see/serial_motor_rov/serial_motor_rov) by extension 'ignore_ament_install'
[0.349s] Level 1:colcon.colcon_core.package_identification:_identify(/home/gumball/Darwin_WS/src/ROV_see/serial_motor_rov/serial_motor_rov) by extensions ['colcon_pkg']
[0.349s] Level 1:colcon.colcon_core.package_identification:_identify(/home/gumball/Darwin_WS/src/ROV_see/serial_motor_rov/serial_motor_rov) by extension 'colcon_pkg'
[0.349s] Level 1:colcon.colcon_core.package_identification:_identify(/home/gumball/Darwin_WS/src/ROV_see/serial_motor_rov/serial_motor_rov) by extensions ['colcon_meta']
[0.349s] Level 1:colcon.colcon_core.package_identification:_identify(/home/gumball/Darwin_WS/src/ROV_see/serial_motor_rov/serial_motor_rov) by extension 'colcon_meta'
[0.349s] Level 1:colcon.colcon_core.package_identification:_identify(/home/gumball/Darwin_WS/src/ROV_see/serial_motor_rov/serial_motor_rov) by extensions ['ros']
[0.349s] Level 1:colcon.colcon_core.package_identification:_identify(/home/gumball/Darwin_WS/src/ROV_see/serial_motor_rov/serial_motor_rov) by extension 'ros'
[0.352s] DEBUG:colcon.colcon_core.package_identification:Package '/home/gumball/Darwin_WS/src/ROV_see/serial_motor_rov/serial_motor_rov' with type 'ros.ament_python' and name 'serial_motor_demo'
[0.353s] Level 1:colcon.colcon_core.package_identification:_identify(/home/gumball/Darwin_WS/src/ROV_see/serial_motor_rov/serial_motor_rov_msgs) by extensions ['ignore', 'ignore_ament_install']
[0.353s] Level 1:colcon.colcon_core.package_identification:_identify(/home/gumball/Darwin_WS/src/ROV_see/serial_motor_rov/serial_motor_rov_msgs) by extension 'ignore'
[0.353s] Level 1:colcon.colcon_core.package_identification:_identify(/home/gumball/Darwin_WS/src/ROV_see/serial_motor_rov/serial_motor_rov_msgs) by extension 'ignore_ament_install'
[0.353s] Level 1:colcon.colcon_core.package_identification:_identify(/home/gumball/Darwin_WS/src/ROV_see/serial_motor_rov/serial_motor_rov_msgs) by extensions ['colcon_pkg']
[0.353s] Level 1:colcon.colcon_core.package_identification:_identify(/home/gumball/Darwin_WS/src/ROV_see/serial_motor_rov/serial_motor_rov_msgs) by extension 'colcon_pkg'
[0.353s] Level 1:colcon.colcon_core.package_identification:_identify(/home/gumball/Darwin_WS/src/ROV_see/serial_motor_rov/serial_motor_rov_msgs) by extensions ['colcon_meta']
[0.353s] Level 1:colcon.colcon_core.package_identification:_identify(/home/gumball/Darwin_WS/src/ROV_see/serial_motor_rov/serial_motor_rov_msgs) by extension 'colcon_meta'
[0.353s] Level 1:colcon.colcon_core.package_identification:_identify(/home/gumball/Darwin_WS/src/ROV_see/serial_motor_rov/serial_motor_rov_msgs) by extensions ['ros']
[0.353s] Level 1:colcon.colcon_core.package_identification:_identify(/home/gumball/Darwin_WS/src/ROV_see/serial_motor_rov/serial_motor_rov_msgs) by extension 'ros'
[0.354s] DEBUG:colcon.colcon_core.package_identification:Package '/home/gumball/Darwin_WS/src/ROV_see/serial_motor_rov/serial_motor_rov_msgs' with type 'ros.ament_cmake' and name 'serial_motor_demo_msgs'
[0.354s] Level 1:colcon.colcon_core.package_discovery:discover_packages(recursive) using defaults
